********************************************************************************
DUPLICATOR-LITE PACKAGE-LOG: November 20, 2021 9:05 pm
NOTICE: Do NOT post to public sites or forums 
********************************************************************************
VERSION:	1.4.3
WORDPRESS:	5.8.2
PHP INFO:	7.3.21 | SAPI: apache2handler
SERVER:		Apache/2.4.46 (Win64) PHP/7.3.21 
PHP TIME LIMIT: (0) no time limit imposed 
PHP MAX MEMORY: 4294967296 (128M default) 
MEMORY STACK: 4MB

********************************************************************************
DATABASE:
********************************************************************************
BUILD MODE:   MYSQLDUMP
MYSQLTIMEOUT: 5000
MYSQLDUMP:    Is Supported
[PHP ERR][NOTICE] MSG:Only variables should be passed by reference [CODE:8|FILE:C:\Users\rosed\Desktop\Wordpress\Lawfirm\wp-content\plugins\duplicator\classes\package\class.pack.database.php|LINE:391]
do_action('wp_ajax_duplicator_package_build'), WP_Hook->do_action, WP_Hook->apply_filters, duplicator_package_build, DUP_Package->runZipBuild, DUP_Database->build, DUP_Database->mysqlDump, DUP_Handler::error, DUP_Handler::getMessage
SQL CREATED: 20211120_rosesamplelawfirm_7b0d5f08b7c69baf5965_20211120210457_database.sql
SQL FILE SIZE: 3.63MB (3807277)
SQL FILE TIME: 2021-11-20 21:05:26
SQL RUNTIME: 8.36 sec.

********************************************************************************
ARCHIVE (ZIP):
********************************************************************************
ARCHIVE DIR:  C:/Users/rosed/Desktop/Wordpress/Lawfirm
ARCHIVE FILE: 20211120_rosesamplelawfirm_7b0d5f08b7c69baf5965_20211120210457_archive.zip
FILTERS: *OFF*
DIRS:
	not set
FILES:
	not set
EXTS:  not set
----------------------------------------
COMPRESSING
SIZE:	104.15MB
STATS:	Dirs 748 | Files 4,838
SQL ADDED: 20211120_rosesamplelawfirm_7b0d5f08b7c69baf5965_20211120210457_database.sql
ZipArchive Object
(
    [status] => 0
    [statusSys] => 0
    [numFiles] => 5586
    [filename] => C:\Users\rosed\Desktop\Wordpress\Lawfirm\wp-content\backups-dup-lite\tmp\20211120_rosesamplelawfirm_7b0d5f08b7c69baf5965_20211120210457_archive.zip
    [comment] => 
)

FILE ADDED TO ZIP: 5585
COMPRESSION RESULT: '1'
COMPRESSED SIZE: 32.61MB
ARCHIVE RUNTIME: 123.41 sec.
MEMORY STACK: 4MB
building installer
add_extra_files1
add_extra_files2
add_extra_files3
add_extra_files4
Doing archive file check
add_extra_files5
add_extra_files6
add_extra_files8
Successfully opened zip C:/Users/rosed/Desktop/Wordpress/Lawfirm/wp-content/backups-dup-lite/tmp/20211120_rosesamplelawfirm_7b0d5f08b7c69baf5965_20211120210457_archive.zip
Adding enhanced installer files to archive using ZipArchive
Installer files added to archive
Added to archive
After ziparchive close when adding installer

********************************************************************************
INTEGRITY CHECKS:
********************************************************************************
SQL FILE: 3.63MB
INSTALLER FILE: 64.27KB
ARCHIVE FILE: 33.61MB 
EXPECTED FILE/DIRECTORY COUNT: 5,586
ACTUAL FILE/DIRECTORY COUNT: 5,585
ARCHIVE CONSISTENCY TEST: Pass

********************************************************************************
RECORD ID:[1]
TOTAL PROCESS RUNTIME: 133.00 sec.
PEAK PHP MEMORY USED: 6MB
DONE PROCESSING => 20211120_rosesamplelawfirm November 20, 2021 9:07 pm

